<?xml version="1.0" encoding="UTF-8"?>
<testng-results total="6" passed="6" failed="0" skipped="0">
  <reporter-output>
  </reporter-output>
  <suite started-at="2020-09-09T23:48:43Z" name="Suite" finished-at="2020-09-09T23:49:15Z" duration-ms="31993">
    <groups>
    </groups>
    <test started-at="2020-09-09T23:48:43Z" name="ValidateTitle" finished-at="2020-09-09T23:49:00Z" duration-ms="17079">
      <class name="Academy.E2EProject.ValidateTitle">
        <test-method is-config="true" signature="StartUp()[pri:0, instance:Academy.E2EProject.ValidateTitle@7c37508a]" started-at="2020-09-09T19:48:43Z" name="StartUp" finished-at="2020-09-09T19:48:59Z" duration-ms="16148" status="PASS">
          <reporter-output>
          </reporter-output>
        </test-method> <!-- StartUp -->
        <test-method signature="basePageNavigation()[pri:0, instance:Academy.E2EProject.ValidateTitle@7c37508a]" started-at="2020-09-09T19:48:59Z" name="basePageNavigation" finished-at="2020-09-09T19:49:00Z" duration-ms="402" status="PASS">
          <reporter-output>
          </reporter-output>
        </test-method> <!-- basePageNavigation -->
        <test-method is-config="true" signature="tearDown()[pri:0, instance:Academy.E2EProject.ValidateTitle@7c37508a]" started-at="2020-09-09T19:49:00Z" name="tearDown" finished-at="2020-09-09T19:49:00Z" duration-ms="525" status="PASS">
          <reporter-output>
          </reporter-output>
        </test-method> <!-- tearDown -->
      </class> <!-- Academy.E2EProject.ValidateTitle -->
    </test> <!-- ValidateTitle -->
    <test started-at="2020-09-09T23:48:43Z" name="ValidateNavigationBar" finished-at="2020-09-09T23:49:04Z" duration-ms="21383">
      <class name="Academy.E2EProject.ValidateNavigationBar">
        <test-method is-config="true" signature="StartUp()[pri:0, instance:Academy.E2EProject.ValidateNavigationBar@6e9a5ed8]" started-at="2020-09-09T19:48:43Z" name="StartUp" finished-at="2020-09-09T19:48:59Z" duration-ms="15774" status="PASS">
          <reporter-output>
          </reporter-output>
        </test-method> <!-- StartUp -->
        <test-method signature="basePageNavigation()[pri:0, instance:Academy.E2EProject.ValidateNavigationBar@6e9a5ed8]" started-at="2020-09-09T19:48:59Z" name="basePageNavigation" finished-at="2020-09-09T19:48:59Z" duration-ms="525" status="PASS">
          <reporter-output>
          </reporter-output>
        </test-method> <!-- basePageNavigation -->
        <test-method is-config="true" signature="tearDown()[pri:0, instance:Academy.E2EProject.ValidateNavigationBar@6e9a5ed8]" started-at="2020-09-09T19:48:59Z" name="tearDown" finished-at="2020-09-09T19:49:04Z" duration-ms="5069" status="PASS">
          <reporter-output>
          </reporter-output>
        </test-method> <!-- tearDown -->
      </class> <!-- Academy.E2EProject.ValidateNavigationBar -->
    </test> <!-- ValidateNavigationBar -->
    <test started-at="2020-09-09T23:48:43Z" name="Validate HomePage" finished-at="2020-09-09T23:49:05Z" duration-ms="21801">
      <class name="Academy.E2EProject.HomePage">
        <test-method is-config="true" signature="StartUp()[pri:0, instance:Academy.E2EProject.HomePage@606e4010]" started-at="2020-09-09T19:48:43Z" name="StartUp" finished-at="2020-09-09T19:48:50Z" duration-ms="6481" status="PASS">
          <reporter-output>
          </reporter-output>
        </test-method> <!-- StartUp -->
        <test-method signature="basePageNavigation(java.lang.String, java.lang.String, java.lang.String)[pri:0, instance:Academy.E2EProject.HomePage@606e4010]" started-at="2020-09-09T19:48:50Z" name="basePageNavigation" data-provider="getData" finished-at="2020-09-09T19:49:02Z" duration-ms="12016" status="PASS">
          <params>
            <param index="0">
              <value>
                <![CDATA[nonrestricteduser@qa.com]]>
              </value>
            </param>
            <param index="1">
              <value>
                <![CDATA[Testpassword]]>
              </value>
            </param>
            <param index="2">
              <value>
                <![CDATA[Restricted User]]>
              </value>
            </param>
          </params>
          <reporter-output>
          </reporter-output>
        </test-method> <!-- basePageNavigation -->
        <test-method signature="basePageNavigation(java.lang.String, java.lang.String, java.lang.String)[pri:0, instance:Academy.E2EProject.HomePage@606e4010]" started-at="2020-09-09T19:49:02Z" name="basePageNavigation" data-provider="getData" finished-at="2020-09-09T19:49:05Z" duration-ms="3103" status="PASS">
          <params>
            <param index="0">
              <value>
                <![CDATA[restricteduser@qa.com]]>
              </value>
            </param>
            <param index="1">
              <value>
                <![CDATA[Testpassword]]>
              </value>
            </param>
            <param index="2">
              <value>
                <![CDATA[Non Restricted User]]>
              </value>
            </param>
          </params>
          <reporter-output>
          </reporter-output>
        </test-method> <!-- basePageNavigation -->
        <test-method is-config="true" signature="tearDown()[pri:0, instance:Academy.E2EProject.HomePage@606e4010]" started-at="2020-09-09T19:49:05Z" name="tearDown" finished-at="2020-09-09T19:49:05Z" duration-ms="180" status="PASS">
          <reporter-output>
          </reporter-output>
        </test-method> <!-- tearDown -->
      </class> <!-- Academy.E2EProject.HomePage -->
    </test> <!-- Validate HomePage -->
    <test started-at="2020-09-09T23:48:43Z" name="ValidateContactForm" finished-at="2020-09-09T23:49:13Z" duration-ms="29852">
      <class name="Academy.E2EProject.ValidateContactForm">
        <test-method is-config="true" signature="StartUp()[pri:0, instance:Academy.E2EProject.ValidateContactForm@183ec003]" started-at="2020-09-09T19:48:43Z" name="StartUp" finished-at="2020-09-09T19:49:01Z" duration-ms="18333" status="PASS">
          <reporter-output>
          </reporter-output>
        </test-method> <!-- StartUp -->
        <test-method signature="validateContact()[pri:0, instance:Academy.E2EProject.ValidateContactForm@183ec003]" started-at="2020-09-09T19:49:01Z" name="validateContact" finished-at="2020-09-09T19:49:09Z" duration-ms="7355" status="PASS">
          <reporter-output>
          </reporter-output>
        </test-method> <!-- validateContact -->
        <test-method is-config="true" signature="tearDown()[pri:0, instance:Academy.E2EProject.ValidateContactForm@183ec003]" started-at="2020-09-09T19:49:09Z" name="tearDown" finished-at="2020-09-09T19:49:13Z" duration-ms="4156" status="PASS">
          <reporter-output>
          </reporter-output>
        </test-method> <!-- tearDown -->
      </class> <!-- Academy.E2EProject.ValidateContactForm -->
    </test> <!-- ValidateContactForm -->
    <test started-at="2020-09-09T23:48:43Z" name="ValidatePractice" finished-at="2020-09-09T23:49:15Z" duration-ms="31993">
      <class name="Academy.E2EProject.ValidatePractice">
        <test-method is-config="true" signature="StartUp()[pri:0, instance:Academy.E2EProject.ValidatePractice@24569dba]" started-at="2020-09-09T19:48:43Z" name="StartUp" finished-at="2020-09-09T19:49:01Z" duration-ms="18332" status="PASS">
          <reporter-output>
          </reporter-output>
        </test-method> <!-- StartUp -->
        <test-method signature="validatePracticePage()[pri:0, instance:Academy.E2EProject.ValidatePractice@24569dba]" started-at="2020-09-09T19:49:01Z" name="validatePracticePage" finished-at="2020-09-09T19:49:14Z" duration-ms="12943" status="PASS">
          <reporter-output>
          </reporter-output>
        </test-method> <!-- validatePracticePage -->
        <test-method is-config="true" signature="tearDown()[pri:0, instance:Academy.E2EProject.ValidatePractice@24569dba]" started-at="2020-09-09T19:49:14Z" name="tearDown" finished-at="2020-09-09T19:49:15Z" duration-ms="713" status="PASS">
          <reporter-output>
          </reporter-output>
        </test-method> <!-- tearDown -->
      </class> <!-- Academy.E2EProject.ValidatePractice -->
    </test> <!-- ValidatePractice -->
  </suite> <!-- Suite -->
</testng-results>
