<?xml version="1.0" encoding="UTF-8"?>
<testng-results total="1" passed="1" failed="0" skipped="0">
  <reporter-output>
  </reporter-output>
  <suite started-at="2020-08-29T00:51:33Z" name="Default suite" finished-at="2020-08-29T00:51:58Z" duration-ms="24334">
    <groups>
    </groups>
    <test started-at="2020-08-29T00:51:33Z" name="Default test" finished-at="2020-08-29T00:51:58Z" duration-ms="24334">
      <class name="Academy.E2EProject.ValidatePractice">
        <test-method is-config="true" signature="StartUp()[pri:0, instance:Academy.E2EProject.ValidatePractice@75d3a5e0]" started-at="2020-08-28T20:51:33Z" name="StartUp" finished-at="2020-08-28T20:51:45Z" duration-ms="12031" status="PASS">
          <reporter-output>
          </reporter-output>
        </test-method> <!-- StartUp -->
        <test-method signature="validatePracticePage()[pri:0, instance:Academy.E2EProject.ValidatePractice@75d3a5e0]" started-at="2020-08-28T20:51:45Z" name="validatePracticePage" finished-at="2020-08-28T20:51:57Z" duration-ms="11540" status="PASS">
          <reporter-output>
          </reporter-output>
        </test-method> <!-- validatePracticePage -->
        <test-method is-config="true" signature="tearDown()[pri:0, instance:Academy.E2EProject.ValidatePractice@75d3a5e0]" started-at="2020-08-28T20:51:57Z" name="tearDown" finished-at="2020-08-28T20:51:58Z" duration-ms="741" status="PASS">
          <reporter-output>
          </reporter-output>
        </test-method> <!-- tearDown -->
      </class> <!-- Academy.E2EProject.ValidatePractice -->
    </test> <!-- Default test -->
  </suite> <!-- Default suite -->
</testng-results>
